<?xml version="1.0" encoding="UTF-8"?>
<testsuite xmlns:xsi="http://www.w3.org/2001/XMLSchema-instance" xsi:noNamespaceSchemaLocation="https://maven.apache.org/surefire/maven-surefire-plugin/xsd/surefire-test-report-3.0.xsd" version="3.0" name="com.example.appengine.java8.HelloAppEngineTest(sponge_log)" time="2.195" tests="2" errors="0" skipped="0" failures="0">
  <properties>
    <property name="java.specification.version" value="17"/>
    <property name="sun.cpu.isalist" value="amd64"/>
    <property name="sun.jnu.encoding" value="Cp1252"/>
    <property name="java.class.path" value="C:\Users\sterl\Documents\3300\g\gcp\target\test-classes;C:\Users\sterl\Documents\3300\g\gcp\target\helloworld-1.0-SNAPSHOT\WEB-INF\classes;C:\Users\sterl\.m2\repository\com\google\appengine\appengine-api-1.0-sdk\2.0.5\appengine-api-1.0-sdk-2.0.5.jar;C:\Users\sterl\.m2\repository\javax\servlet\javax.servlet-api\3.1.0\javax.servlet-api-3.1.0.jar;C:\Users\sterl\.m2\repository\com\google\appengine\appengine-testing\2.0.5\appengine-testing-2.0.5.jar;C:\Users\sterl\.m2\repository\com\google\appengine\appengine-api-stubs\2.0.5\appengine-api-stubs-2.0.5.jar;C:\Users\sterl\.m2\repository\com\google\appengine\appengine-tools-sdk\2.0.5\appengine-tools-sdk-2.0.5.jar;C:\Users\sterl\.m2\repository\com\google\appengine\appengine-remote-api\2.0.5\appengine-remote-api-2.0.5.jar;C:\Users\sterl\.m2\repository\com\google\truth\truth\1.1.3\truth-1.1.3.jar;C:\Users\sterl\.m2\repository\com\google\guava\guava\30.1.1-android\guava-30.1.1-android.jar;C:\Users\sterl\.m2\repository\com\google\guava\failureaccess\1.0.1\failureaccess-1.0.1.jar;C:\Users\sterl\.m2\repository\com\google\guava\listenablefuture\9999.0-empty-to-avoid-conflict-with-guava\listenablefuture-9999.0-empty-to-avoid-conflict-with-guava.jar;C:\Users\sterl\.m2\repository\org\checkerframework\checker-compat-qual\2.5.5\checker-compat-qual-2.5.5.jar;C:\Users\sterl\.m2\repository\com\google\j2objc\j2objc-annotations\1.3\j2objc-annotations-1.3.jar;C:\Users\sterl\.m2\repository\org\checkerframework\checker-qual\3.13.0\checker-qual-3.13.0.jar;C:\Users\sterl\.m2\repository\com\google\auto\value\auto-value-annotations\1.8.1\auto-value-annotations-1.8.1.jar;C:\Users\sterl\.m2\repository\com\google\errorprone\error_prone_annotations\2.7.1\error_prone_annotations-2.7.1.jar;C:\Users\sterl\.m2\repository\org\ow2\asm\asm\9.1\asm-9.1.jar;C:\Users\sterl\.m2\repository\junit\junit\4.13.2\junit-4.13.2.jar;C:\Users\sterl\.m2\repository\org\hamcrest\hamcrest-core\1.3\hamcrest-core-1.3.jar;C:\Users\sterl\.m2\repository\org\mockito\mockito-core\4.5.1\mockito-core-4.5.1.jar;C:\Users\sterl\.m2\repository\net\bytebuddy\byte-buddy\1.12.9\byte-buddy-1.12.9.jar;C:\Users\sterl\.m2\repository\net\bytebuddy\byte-buddy-agent\1.12.9\byte-buddy-agent-1.12.9.jar;C:\Users\sterl\.m2\repository\org\objenesis\objenesis\3.2\objenesis-3.2.jar;C:\Users\sterl\.m2\repository\com\github\spotbugs\spotbugs-annotations\4.5.0\spotbugs-annotations-4.5.0.jar;C:\Users\sterl\.m2\repository\com\google\code\findbugs\jsr305\3.0.2\jsr305-3.0.2.jar;C:\Users\sterl\.m2\repository\com\google\cloud\google-cloud-core\2.3.2\google-cloud-core-2.3.2-tests.jar;C:\Users\sterl\.m2\repository\com\google\api\gax\2.7.0\gax-2.7.0.jar;C:\Users\sterl\.m2\repository\io\opencensus\opencensus-api\0.28.0\opencensus-api-0.28.0.jar;C:\Users\sterl\.m2\repository\io\grpc\grpc-context\1.27.2\grpc-context-1.27.2.jar;C:\Users\sterl\.m2\repository\com\google\protobuf\protobuf-java-util\3.19.1\protobuf-java-util-3.19.1.jar;C:\Users\sterl\.m2\repository\com\google\code\gson\gson\2.8.6\gson-2.8.6.jar;C:\Users\sterl\.m2\repository\com\google\api\grpc\proto-google-common-protos\2.7.0\proto-google-common-protos-2.7.0.jar;C:\Users\sterl\.m2\repository\com\google\api\grpc\proto-google-iam-v1\1.1.7\proto-google-iam-v1-1.1.7.jar;C:\Users\sterl\.m2\repository\org\threeten\threetenbp\1.5.2\threetenbp-1.5.2.jar;C:\Users\sterl\.m2\repository\com\google\api\api-common\2.1.1\api-common-2.1.1.jar;C:\Users\sterl\.m2\repository\javax\annotation\javax.annotation-api\1.3.2\javax.annotation-api-1.3.2.jar;C:\Users\sterl\.m2\repository\com\google\auth\google-auth-library-credentials\1.3.0\google-auth-library-credentials-1.3.0.jar;C:\Users\sterl\.m2\repository\com\google\auth\google-auth-library-oauth2-http\1.3.0\google-auth-library-oauth2-http-1.3.0.jar;C:\Users\sterl\.m2\repository\com\google\http-client\google-http-client\1.40.1\google-http-client-1.40.1.jar;C:\Users\sterl\.m2\repository\org\apache\httpcomponents\httpclient\4.5.13\httpclient-4.5.13.jar;C:\Users\sterl\.m2\repository\commons-logging\commons-logging\1.2\commons-logging-1.2.jar;C:\Users\sterl\.m2\repository\commons-codec\commons-codec\1.11\commons-codec-1.11.jar;C:\Users\sterl\.m2\repository\org\apache\httpcomponents\httpcore\4.4.14\httpcore-4.4.14.jar;C:\Users\sterl\.m2\repository\io\opencensus\opencensus-contrib-http-util\0.28.0\opencensus-contrib-http-util-0.28.0.jar;C:\Users\sterl\.m2\repository\com\google\http-client\google-http-client-gson\1.40.1\google-http-client-gson-1.40.1.jar;C:\Users\sterl\.m2\repository\com\google\protobuf\protobuf-java\3.19.1\protobuf-java-3.19.1.jar;"/>
    <property name="java.vm.vendor" value="Oracle Corporation"/>
    <property name="sun.arch.data.model" value="64"/>
    <property name="user.variant" value=""/>
    <property name="java.vendor.url" value="https://java.oracle.com/"/>
    <property name="user.timezone" value="America/New_York"/>
    <property name="os.name" value="Windows 11"/>
    <property name="java.vm.specification.version" value="17"/>
    <property name="sun.java.launcher" value="SUN_STANDARD"/>
    <property name="user.country" value="US"/>
    <property name="sun.boot.library.path" value="C:\Program Files\Java\jdk-17.0.4.1\bin"/>
    <property name="sun.java.command" value="C:\Users\sterl\AppData\Local\Temp\surefire8335770732546128036\surefirebooter2890609130282323541.jar C:\Users\sterl\AppData\Local\Temp\surefire8335770732546128036 2022-10-11T15-42-30_665-jvmRun1 surefire2744225429052365946tmp surefire_07420701479675553296tmp"/>
    <property name="jdk.debug" value="release"/>
    <property name="surefire.test.class.path" value="C:\Users\sterl\Documents\3300\g\gcp\target\test-classes;C:\Users\sterl\Documents\3300\g\gcp\target\helloworld-1.0-SNAPSHOT\WEB-INF\classes;C:\Users\sterl\.m2\repository\com\google\appengine\appengine-api-1.0-sdk\2.0.5\appengine-api-1.0-sdk-2.0.5.jar;C:\Users\sterl\.m2\repository\javax\servlet\javax.servlet-api\3.1.0\javax.servlet-api-3.1.0.jar;C:\Users\sterl\.m2\repository\com\google\appengine\appengine-testing\2.0.5\appengine-testing-2.0.5.jar;C:\Users\sterl\.m2\repository\com\google\appengine\appengine-api-stubs\2.0.5\appengine-api-stubs-2.0.5.jar;C:\Users\sterl\.m2\repository\com\google\appengine\appengine-tools-sdk\2.0.5\appengine-tools-sdk-2.0.5.jar;C:\Users\sterl\.m2\repository\com\google\appengine\appengine-remote-api\2.0.5\appengine-remote-api-2.0.5.jar;C:\Users\sterl\.m2\repository\com\google\truth\truth\1.1.3\truth-1.1.3.jar;C:\Users\sterl\.m2\repository\com\google\guava\guava\30.1.1-android\guava-30.1.1-android.jar;C:\Users\sterl\.m2\repository\com\google\guava\failureaccess\1.0.1\failureaccess-1.0.1.jar;C:\Users\sterl\.m2\repository\com\google\guava\listenablefuture\9999.0-empty-to-avoid-conflict-with-guava\listenablefuture-9999.0-empty-to-avoid-conflict-with-guava.jar;C:\Users\sterl\.m2\repository\org\checkerframework\checker-compat-qual\2.5.5\checker-compat-qual-2.5.5.jar;C:\Users\sterl\.m2\repository\com\google\j2objc\j2objc-annotations\1.3\j2objc-annotations-1.3.jar;C:\Users\sterl\.m2\repository\org\checkerframework\checker-qual\3.13.0\checker-qual-3.13.0.jar;C:\Users\sterl\.m2\repository\com\google\auto\value\auto-value-annotations\1.8.1\auto-value-annotations-1.8.1.jar;C:\Users\sterl\.m2\repository\com\google\errorprone\error_prone_annotations\2.7.1\error_prone_annotations-2.7.1.jar;C:\Users\sterl\.m2\repository\org\ow2\asm\asm\9.1\asm-9.1.jar;C:\Users\sterl\.m2\repository\junit\junit\4.13.2\junit-4.13.2.jar;C:\Users\sterl\.m2\repository\org\hamcrest\hamcrest-core\1.3\hamcrest-core-1.3.jar;C:\Users\sterl\.m2\repository\org\mockito\mockito-core\4.5.1\mockito-core-4.5.1.jar;C:\Users\sterl\.m2\repository\net\bytebuddy\byte-buddy\1.12.9\byte-buddy-1.12.9.jar;C:\Users\sterl\.m2\repository\net\bytebuddy\byte-buddy-agent\1.12.9\byte-buddy-agent-1.12.9.jar;C:\Users\sterl\.m2\repository\org\objenesis\objenesis\3.2\objenesis-3.2.jar;C:\Users\sterl\.m2\repository\com\github\spotbugs\spotbugs-annotations\4.5.0\spotbugs-annotations-4.5.0.jar;C:\Users\sterl\.m2\repository\com\google\code\findbugs\jsr305\3.0.2\jsr305-3.0.2.jar;C:\Users\sterl\.m2\repository\com\google\cloud\google-cloud-core\2.3.2\google-cloud-core-2.3.2-tests.jar;C:\Users\sterl\.m2\repository\com\google\api\gax\2.7.0\gax-2.7.0.jar;C:\Users\sterl\.m2\repository\io\opencensus\opencensus-api\0.28.0\opencensus-api-0.28.0.jar;C:\Users\sterl\.m2\repository\io\grpc\grpc-context\1.27.2\grpc-context-1.27.2.jar;C:\Users\sterl\.m2\repository\com\google\protobuf\protobuf-java-util\3.19.1\protobuf-java-util-3.19.1.jar;C:\Users\sterl\.m2\repository\com\google\code\gson\gson\2.8.6\gson-2.8.6.jar;C:\Users\sterl\.m2\repository\com\google\api\grpc\proto-google-common-protos\2.7.0\proto-google-common-protos-2.7.0.jar;C:\Users\sterl\.m2\repository\com\google\api\grpc\proto-google-iam-v1\1.1.7\proto-google-iam-v1-1.1.7.jar;C:\Users\sterl\.m2\repository\org\threeten\threetenbp\1.5.2\threetenbp-1.5.2.jar;C:\Users\sterl\.m2\repository\com\google\api\api-common\2.1.1\api-common-2.1.1.jar;C:\Users\sterl\.m2\repository\javax\annotation\javax.annotation-api\1.3.2\javax.annotation-api-1.3.2.jar;C:\Users\sterl\.m2\repository\com\google\auth\google-auth-library-credentials\1.3.0\google-auth-library-credentials-1.3.0.jar;C:\Users\sterl\.m2\repository\com\google\auth\google-auth-library-oauth2-http\1.3.0\google-auth-library-oauth2-http-1.3.0.jar;C:\Users\sterl\.m2\repository\com\google\http-client\google-http-client\1.40.1\google-http-client-1.40.1.jar;C:\Users\sterl\.m2\repository\org\apache\httpcomponents\httpclient\4.5.13\httpclient-4.5.13.jar;C:\Users\sterl\.m2\repository\commons-logging\commons-logging\1.2\commons-logging-1.2.jar;C:\Users\sterl\.m2\repository\commons-codec\commons-codec\1.11\commons-codec-1.11.jar;C:\Users\sterl\.m2\repository\org\apache\httpcomponents\httpcore\4.4.14\httpcore-4.4.14.jar;C:\Users\sterl\.m2\repository\io\opencensus\opencensus-contrib-http-util\0.28.0\opencensus-contrib-http-util-0.28.0.jar;C:\Users\sterl\.m2\repository\com\google\http-client\google-http-client-gson\1.40.1\google-http-client-gson-1.40.1.jar;C:\Users\sterl\.m2\repository\com\google\protobuf\protobuf-java\3.19.1\protobuf-java-3.19.1.jar;"/>
    <property name="sun.cpu.endian" value="little"/>
    <property name="user.home" value="C:\Users\sterl"/>
    <property name="user.language" value="en"/>
    <property name="java.specification.vendor" value="Oracle Corporation"/>
    <property name="java.version.date" value="2022-08-18"/>
    <property name="java.home" value="C:\Program Files\Java\jdk-17.0.4.1"/>
    <property name="file.separator" value="\"/>
    <property name="basedir" value="C:\Users\sterl\Documents\3300\g\gcp"/>
    <property name="java.vm.compressedOopsMode" value="Zero based"/>
    <property name="line.separator" value="&#10;"/>
    <property name="java.vm.specification.vendor" value="Oracle Corporation"/>
    <property name="java.specification.name" value="Java Platform API Specification"/>
    <property name="surefire.real.class.path" value="C:\Users\sterl\AppData\Local\Temp\surefire8335770732546128036\surefirebooter2890609130282323541.jar"/>
    <property name="user.script" value=""/>
    <property name="sun.management.compiler" value="HotSpot 64-Bit Tiered Compilers"/>
    <property name="java.runtime.version" value="17.0.4.1+1-LTS-2"/>
    <property name="user.name" value="sterl"/>
    <property name="path.separator" value=";"/>
    <property name="os.version" value="10.0"/>
    <property name="java.runtime.name" value="Java(TM) SE Runtime Environment"/>
    <property name="file.encoding" value="Cp1252"/>
    <property name="java.vm.name" value="Java HotSpot(TM) 64-Bit Server VM"/>
    <property name="localRepository" value="C:\Users\sterl\.m2\repository"/>
    <property name="java.vendor.url.bug" value="https://bugreport.java.com/bugreport/"/>
    <property name="java.io.tmpdir" value="C:\Users\sterl\AppData\Local\Temp\"/>
    <property name="java.version" value="17.0.4.1"/>
    <property name="user.dir" value="C:\Users\sterl\Documents\3300\g\gcp"/>
    <property name="os.arch" value="amd64"/>
    <property name="java.vm.specification.name" value="Java Virtual Machine Specification"/>
    <property name="sun.os.patch.level" value=""/>
    <property name="native.encoding" value="Cp1252"/>
    <property name="java.library.path" value="C:\Program Files\Java\jdk-17.0.4.1\bin;C:\WINDOWS\Sun\Java\bin;C:\WINDOWS\system32;C:\WINDOWS;C:\Program Files (x86)\VMware\VMware Player\bin\;C:\WINDOWS\system32;C:\WINDOWS;C:\WINDOWS\System32\Wbem;C:\WINDOWS\System32\WindowsPowerShell\v1.0\;C:\WINDOWS\System32\OpenSSH\;C:\Program Files\Java\jdk-17.0.4.1\bin;C:\Program Files\Java\jdk-17.0.4.1;C:\Program Files (x86)\Microsoft SQL Server\150\DTS\Binn\;C:\Program Files\nodejs\;C:\Users\sterl\AppData\Local\Programs\Python\Python39;C:\Program Files\Git\cmd;C:\ProgramData\chocolatey\bin;C:\Users\sterl\AppData\Local\Programs\Python\Python39\Scripts;C:\Program Files\Docker\Docker\resources\bin;C:\ProgramData\DockerDesktop\version-bin;C:\HashiCorp\Vagrant\bin;C:\Program Files\apache-maven-3.8.6\bin;C:\Users\sterl\AppData\Local\Microsoft\WindowsApps;C:\Users\sterl\AppData\Local\Programs\Microsoft VS Code\bin;C:\Program Files\JetBrains\IntelliJ IDEA Community Edition 2020.2.2\bin;C:\Users\sterl\AppData\Roaming\npm;C:\intelFPGA_lite\19.1\modelsim_ase\win32aloem;C:\Users\sterl\Documents\School;C:\Users\sterl\Android\platform-tools_r31.0.3-windows\platform-tools;C:\Users\Administrator\Ubuntu;C:\Program Files\JetBrains\CLion 2022.1.2\bin;;C:\Users\sterl\AppData\Local\Microsoft\WindowsApps;C:\Users\sterl\AppData\Local\Google\Cloud SDK\google-cloud-sdk\bin;."/>
    <property name="java.vm.info" value="mixed mode, sharing"/>
    <property name="java.vendor" value="Oracle Corporation"/>
    <property name="java.vm.version" value="17.0.4.1+1-LTS-2"/>
    <property name="sun.io.unicode.encoding" value="UnicodeLittle"/>
    <property name="java.class.version" value="61.0"/>
  </properties>
  <testcase name="helloInfoTest" classname="com.example.appengine.java8.HelloAppEngineTest(sponge_log)" time="1.964"/>
  <testcase name="doGetWritesResponse" classname="com.example.appengine.java8.HelloAppEngineTest(sponge_log)" time="0.012"/>
</testsuite>